Determining if the Q_WS_WIN exist failed with the following output:
Change Dir: /home/huag/learning_slam/Pro/ORBSLAM2_with_pointcloud_map/orbslam2_modified/g2o_with_orbslam2/build/CMakeFiles/CMakeScratch/TryCompile-CUDC8z

Run Build Command(s):/usr/bin/make -f Makefile cmTC_738e3/fast && /usr/bin/make  -f CMakeFiles/cmTC_738e3.dir/build.make CMakeFiles/cmTC_738e3.dir/build
make[1]: 进入目录“/home/huag/learning_slam/Pro/ORBSLAM2_with_pointcloud_map/orbslam2_modified/g2o_with_orbslam2/build/CMakeFiles/CMakeScratch/TryCompile-CUDC8z”
Building CXX object CMakeFiles/cmTC_738e3.dir/CheckSymbolExists.cxx.o
/usr/bin/c++ -DLAPACK_USE_F2C -I/usr/include/qt4  -o CMakeFiles/cmTC_738e3.dir/CheckSymbolExists.cxx.o -c /home/huag/learning_slam/Pro/ORBSLAM2_with_pointcloud_map/orbslam2_modified/g2o_with_orbslam2/build/CMakeFiles/CMakeScratch/TryCompile-CUDC8z/CheckSymbolExists.cxx
/home/huag/learning_slam/Pro/ORBSLAM2_with_pointcloud_map/orbslam2_modified/g2o_with_orbslam2/build/CMakeFiles/CMakeScratch/TryCompile-CUDC8z/CheckSymbolExists.cxx: In function ‘int main(int, char**)’:
/home/huag/learning_slam/Pro/ORBSLAM2_with_pointcloud_map/orbslam2_modified/g2o_with_orbslam2/build/CMakeFiles/CMakeScratch/TryCompile-CUDC8z/CheckSymbolExists.cxx:8:19: error: ‘Q_WS_WIN’ was not declared in this scope
   return ((int*)(&Q_WS_WIN))[argc];
                   ^~~~~~~~
/home/huag/learning_slam/Pro/ORBSLAM2_with_pointcloud_map/orbslam2_modified/g2o_with_orbslam2/build/CMakeFiles/CMakeScratch/TryCompile-CUDC8z/CheckSymbolExists.cxx:8:19: note: suggested alternative: ‘Q_WS_X11’
   return ((int*)(&Q_WS_WIN))[argc];
                   ^~~~~~~~
                   Q_WS_X11
CMakeFiles/cmTC_738e3.dir/build.make:77: recipe for target 'CMakeFiles/cmTC_738e3.dir/CheckSymbolExists.cxx.o' failed
make[1]: *** [CMakeFiles/cmTC_738e3.dir/CheckSymbolExists.cxx.o] Error 1
make[1]: 离开目录“/home/huag/learning_slam/Pro/ORBSLAM2_with_pointcloud_map/orbslam2_modified/g2o_with_orbslam2/build/CMakeFiles/CMakeScratch/TryCompile-CUDC8z”
Makefile:127: recipe for target 'cmTC_738e3/fast' failed
make: *** [cmTC_738e3/fast] Error 2


File CheckSymbolExists.cxx:
/* */
#include <QtCore/qglobal.h>

int main(int argc, char** argv)
{
  (void)argv;
#ifndef Q_WS_WIN
  return ((int*)(&Q_WS_WIN))[argc];
#else
  (void)argc;
  return 0;
#endif
}
Determining if the Q_WS_QWS exist failed with the following output:
Change Dir: /home/huag/learning_slam/Pro/ORBSLAM2_with_pointcloud_map/orbslam2_modified/g2o_with_orbslam2/build/CMakeFiles/CMakeScratch/TryCompile-NNVvuV

Run Build Command(s):/usr/bin/make -f Makefile cmTC_02546/fast && /usr/bin/make  -f CMakeFiles/cmTC_02546.dir/build.make CMakeFiles/cmTC_02546.dir/build
make[1]: 进入目录“/home/huag/learning_slam/Pro/ORBSLAM2_with_pointcloud_map/orbslam2_modified/g2o_with_orbslam2/build/CMakeFiles/CMakeScratch/TryCompile-NNVvuV”
Building CXX object CMakeFiles/cmTC_02546.dir/CheckSymbolExists.cxx.o
/usr/bin/c++ -DLAPACK_USE_F2C -I/usr/include/qt4  -o CMakeFiles/cmTC_02546.dir/CheckSymbolExists.cxx.o -c /home/huag/learning_slam/Pro/ORBSLAM2_with_pointcloud_map/orbslam2_modified/g2o_with_orbslam2/build/CMakeFiles/CMakeScratch/TryCompile-NNVvuV/CheckSymbolExists.cxx
/home/huag/learning_slam/Pro/ORBSLAM2_with_pointcloud_map/orbslam2_modified/g2o_with_orbslam2/build/CMakeFiles/CMakeScratch/TryCompile-NNVvuV/CheckSymbolExists.cxx: In function ‘int main(int, char**)’:
/home/huag/learning_slam/Pro/ORBSLAM2_with_pointcloud_map/orbslam2_modified/g2o_with_orbslam2/build/CMakeFiles/CMakeScratch/TryCompile-NNVvuV/CheckSymbolExists.cxx:8:19: error: ‘Q_WS_QWS’ was not declared in this scope
   return ((int*)(&Q_WS_QWS))[argc];
                   ^~~~~~~~
/home/huag/learning_slam/Pro/ORBSLAM2_with_pointcloud_map/orbslam2_modified/g2o_with_orbslam2/build/CMakeFiles/CMakeScratch/TryCompile-NNVvuV/CheckSymbolExists.cxx:8:19: note: suggested alternative: ‘Q_WS_X11’
   return ((int*)(&Q_WS_QWS))[argc];
                   ^~~~~~~~
                   Q_WS_X11
CMakeFiles/cmTC_02546.dir/build.make:77: recipe for target 'CMakeFiles/cmTC_02546.dir/CheckSymbolExists.cxx.o' failed
make[1]: *** [CMakeFiles/cmTC_02546.dir/CheckSymbolExists.cxx.o] Error 1
make[1]: 离开目录“/home/huag/learning_slam/Pro/ORBSLAM2_with_pointcloud_map/orbslam2_modified/g2o_with_orbslam2/build/CMakeFiles/CMakeScratch/TryCompile-NNVvuV”
Makefile:127: recipe for target 'cmTC_02546/fast' failed
make: *** [cmTC_02546/fast] Error 2


File CheckSymbolExists.cxx:
/* */
#include <QtCore/qglobal.h>

int main(int argc, char** argv)
{
  (void)argv;
#ifndef Q_WS_QWS
  return ((int*)(&Q_WS_QWS))[argc];
#else
  (void)argc;
  return 0;
#endif
}
Determining if the Q_WS_MAC exist failed with the following output:
Change Dir: /home/huag/learning_slam/Pro/ORBSLAM2_with_pointcloud_map/orbslam2_modified/g2o_with_orbslam2/build/CMakeFiles/CMakeScratch/TryCompile-EmKa6g

Run Build Command(s):/usr/bin/make -f Makefile cmTC_8e7d1/fast && /usr/bin/make  -f CMakeFiles/cmTC_8e7d1.dir/build.make CMakeFiles/cmTC_8e7d1.dir/build
make[1]: 进入目录“/home/huag/learning_slam/Pro/ORBSLAM2_with_pointcloud_map/orbslam2_modified/g2o_with_orbslam2/build/CMakeFiles/CMakeScratch/TryCompile-EmKa6g”
Building CXX object CMakeFiles/cmTC_8e7d1.dir/CheckSymbolExists.cxx.o
/usr/bin/c++ -DLAPACK_USE_F2C -I/usr/include/qt4  -o CMakeFiles/cmTC_8e7d1.dir/CheckSymbolExists.cxx.o -c /home/huag/learning_slam/Pro/ORBSLAM2_with_pointcloud_map/orbslam2_modified/g2o_with_orbslam2/build/CMakeFiles/CMakeScratch/TryCompile-EmKa6g/CheckSymbolExists.cxx
/home/huag/learning_slam/Pro/ORBSLAM2_with_pointcloud_map/orbslam2_modified/g2o_with_orbslam2/build/CMakeFiles/CMakeScratch/TryCompile-EmKa6g/CheckSymbolExists.cxx: In function ‘int main(int, char**)’:
/home/huag/learning_slam/Pro/ORBSLAM2_with_pointcloud_map/orbslam2_modified/g2o_with_orbslam2/build/CMakeFiles/CMakeScratch/TryCompile-EmKa6g/CheckSymbolExists.cxx:8:19: error: ‘Q_WS_MAC’ was not declared in this scope
   return ((int*)(&Q_WS_MAC))[argc];
                   ^~~~~~~~
/home/huag/learning_slam/Pro/ORBSLAM2_with_pointcloud_map/orbslam2_modified/g2o_with_orbslam2/build/CMakeFiles/CMakeScratch/TryCompile-EmKa6g/CheckSymbolExists.cxx:8:19: note: suggested alternative: ‘Q_WS_X11’
   return ((int*)(&Q_WS_MAC))[argc];
                   ^~~~~~~~
                   Q_WS_X11
CMakeFiles/cmTC_8e7d1.dir/build.make:77: recipe for target 'CMakeFiles/cmTC_8e7d1.dir/CheckSymbolExists.cxx.o' failed
make[1]: *** [CMakeFiles/cmTC_8e7d1.dir/CheckSymbolExists.cxx.o] Error 1
make[1]: 离开目录“/home/huag/learning_slam/Pro/ORBSLAM2_with_pointcloud_map/orbslam2_modified/g2o_with_orbslam2/build/CMakeFiles/CMakeScratch/TryCompile-EmKa6g”
Makefile:127: recipe for target 'cmTC_8e7d1/fast' failed
make: *** [cmTC_8e7d1/fast] Error 2


File CheckSymbolExists.cxx:
/* */
#include <QtCore/qglobal.h>

int main(int argc, char** argv)
{
  (void)argv;
#ifndef Q_WS_MAC
  return ((int*)(&Q_WS_MAC))[argc];
#else
  (void)argc;
  return 0;
#endif
}
