Performing C SOURCE FILE Test CMAKE_HAVE_LIBC_PTHREAD failed with the following output:
Change Dir: /home/huag/learning_slam/Pro/ORBSLAM2_with_pointcloud_map/orbslam2_modified/ORB_SLAM2_modified/build/CMakeFiles/CMakeScratch/TryCompile-GkPsnT

Run Build Command(s):/usr/bin/make -f Makefile cmTC_0a070/fast && /usr/bin/make  -f CMakeFiles/cmTC_0a070.dir/build.make CMakeFiles/cmTC_0a070.dir/build
make[1]: 进入目录“/home/huag/learning_slam/Pro/ORBSLAM2_with_pointcloud_map/orbslam2_modified/ORB_SLAM2_modified/build/CMakeFiles/CMakeScratch/TryCompile-GkPsnT”
Building C object CMakeFiles/cmTC_0a070.dir/src.c.o
/usr/bin/cc -DCMAKE_HAVE_LIBC_PTHREAD  -Wall     -o CMakeFiles/cmTC_0a070.dir/src.c.o -c /home/huag/learning_slam/Pro/ORBSLAM2_with_pointcloud_map/orbslam2_modified/ORB_SLAM2_modified/build/CMakeFiles/CMakeScratch/TryCompile-GkPsnT/src.c
Linking C executable cmTC_0a070
/usr/local/cmake-3.25.0-rc1-linux-x86_64/bin/cmake -E cmake_link_script CMakeFiles/cmTC_0a070.dir/link.txt --verbose=1
/usr/bin/cc   -Wall     -rdynamic CMakeFiles/cmTC_0a070.dir/src.c.o -o cmTC_0a070 
CMakeFiles/cmTC_0a070.dir/src.c.o：在函数‘main’中：
src.c:(.text+0x3e)：对‘pthread_create’未定义的引用
src.c:(.text+0x4a)：对‘pthread_detach’未定义的引用
src.c:(.text+0x56)：对‘pthread_cancel’未定义的引用
src.c:(.text+0x67)：对‘pthread_join’未定义的引用
src.c:(.text+0x7b)：对‘pthread_atfork’未定义的引用
collect2: error: ld returned 1 exit status
CMakeFiles/cmTC_0a070.dir/build.make:98: recipe for target 'cmTC_0a070' failed
make[1]: *** [cmTC_0a070] Error 1
make[1]: 离开目录“/home/huag/learning_slam/Pro/ORBSLAM2_with_pointcloud_map/orbslam2_modified/ORB_SLAM2_modified/build/CMakeFiles/CMakeScratch/TryCompile-GkPsnT”
Makefile:127: recipe for target 'cmTC_0a070/fast' failed
make: *** [cmTC_0a070/fast] Error 2


Source file was:
#include <pthread.h>

static void* test_func(void* data)
{
  return data;
}

int main(void)
{
  pthread_t thread;
  pthread_create(&thread, NULL, test_func, NULL);
  pthread_detach(thread);
  pthread_cancel(thread);
  pthread_join(thread, NULL);
  pthread_atfork(NULL, NULL, NULL);
  pthread_exit(NULL);

  return 0;
}


Determining if the function pthread_create exists in the pthreads failed with the following output:
Change Dir: /home/huag/learning_slam/Pro/ORBSLAM2_with_pointcloud_map/orbslam2_modified/ORB_SLAM2_modified/build/CMakeFiles/CMakeScratch/TryCompile-Ujhvwl

Run Build Command(s):/usr/bin/make -f Makefile cmTC_69877/fast && /usr/bin/make  -f CMakeFiles/cmTC_69877.dir/build.make CMakeFiles/cmTC_69877.dir/build
make[1]: 进入目录“/home/huag/learning_slam/Pro/ORBSLAM2_with_pointcloud_map/orbslam2_modified/ORB_SLAM2_modified/build/CMakeFiles/CMakeScratch/TryCompile-Ujhvwl”
Building C object CMakeFiles/cmTC_69877.dir/CheckFunctionExists.c.o
/usr/bin/cc   -Wall    -DCHECK_FUNCTION_EXISTS=pthread_create -o CMakeFiles/cmTC_69877.dir/CheckFunctionExists.c.o -c /home/huag/learning_slam/Pro/ORBSLAM2_with_pointcloud_map/orbslam2_modified/ORB_SLAM2_modified/build/CMakeFiles/CMakeScratch/TryCompile-Ujhvwl/CheckFunctionExists.c
Linking C executable cmTC_69877
/usr/local/cmake-3.25.0-rc1-linux-x86_64/bin/cmake -E cmake_link_script CMakeFiles/cmTC_69877.dir/link.txt --verbose=1
/usr/bin/cc   -Wall    -DCHECK_FUNCTION_EXISTS=pthread_create -rdynamic CMakeFiles/cmTC_69877.dir/CheckFunctionExists.c.o -o cmTC_69877  -lpthreads 
/usr/bin/ld: 找不到 -lpthreads
collect2: error: ld returned 1 exit status
CMakeFiles/cmTC_69877.dir/build.make:98: recipe for target 'cmTC_69877' failed
make[1]: *** [cmTC_69877] Error 1
make[1]: 离开目录“/home/huag/learning_slam/Pro/ORBSLAM2_with_pointcloud_map/orbslam2_modified/ORB_SLAM2_modified/build/CMakeFiles/CMakeScratch/TryCompile-Ujhvwl”
Makefile:127: recipe for target 'cmTC_69877/fast' failed
make: *** [cmTC_69877/fast] Error 2



